[debug] [2023-08-08T11:14:23.182Z] ----------------------------------------------------------------------
[debug] [2023-08-08T11:14:23.184Z] Command:       /usr/local/bin/node /usr/local/bin/firebase init hosting
[debug] [2023-08-08T11:14:23.184Z] CLI Version:   12.4.7
[debug] [2023-08-08T11:14:23.184Z] Platform:      darwin
[debug] [2023-08-08T11:14:23.185Z] Node Version:  v18.14.2
[debug] [2023-08-08T11:14:23.197Z] Time:          Tue Aug 08 2023 14:14:23 GMT+0300 (GMT+03:00)
[debug] [2023-08-08T11:14:23.198Z] ----------------------------------------------------------------------
[debug] 
[debug] [2023-08-08T11:14:23.295Z] > command requires scopes: ["email","openid","https://www.googleapis.com/auth/cloudplatformprojects.readonly","https://www.googleapis.com/auth/firebase","https://www.googleapis.com/auth/cloud-platform"]
[debug] [2023-08-08T11:14:23.296Z] > authorizing via signed-in user (karterpahan@gmail.com)
[info] 
     ######## #### ########  ######## ########     ###     ######  ########
     ##        ##  ##     ## ##       ##     ##  ##   ##  ##       ##
     ######    ##  ########  ######   ########  #########  ######  ######
     ##        ##  ##    ##  ##       ##     ## ##     ##       ## ##
     ##       #### ##     ## ######## ########  ##     ##  ######  ########

You're about to initialize a Firebase project in this directory:

  /Users/PavelVasilev/MyProject/выбранные/Git-hub/truck-test-gh

Before we get started, keep in mind:

  * You are currently outside your home directory
  * You are initializing within an existing Firebase project directory

[info] 
=== Project Setup
[info] 
[info] First, let's associate this project directory with a Firebase project.
[info] You can create multiple project aliases by running firebase use --add, 
[info] but for now we'll just set up a default project.
[info] 
[debug] [2023-08-08T11:14:23.302Z] Using project from CLI flag: truck-repair-33707
[debug] [2023-08-08T11:14:23.305Z] > refreshing access token with scopes: []
[debug] [2023-08-08T11:14:23.306Z] >>> [apiv2][query] POST https://www.googleapis.com/oauth2/v3/token [none]
[debug] [2023-08-08T11:14:23.306Z] >>> [apiv2][body] POST https://www.googleapis.com/oauth2/v3/token [omitted]
[debug] [2023-08-08T11:14:24.288Z] <<< [apiv2][status] POST https://www.googleapis.com/oauth2/v3/token 200
[debug] [2023-08-08T11:14:24.289Z] <<< [apiv2][body] POST https://www.googleapis.com/oauth2/v3/token [omitted]
[debug] [2023-08-08T11:14:24.356Z] >>> [apiv2][query] GET https://firebase.googleapis.com/v1beta1/projects/truck-repair-33707 [none]
[debug] [2023-08-08T11:14:24.950Z] <<< [apiv2][status] GET https://firebase.googleapis.com/v1beta1/projects/truck-repair-33707 200
[debug] [2023-08-08T11:14:24.951Z] <<< [apiv2][body] GET https://firebase.googleapis.com/v1beta1/projects/truck-repair-33707 {"projectId":"truck-repair-33707","projectNumber":"463003052898","displayName":"truck repair","name":"projects/truck-repair-33707","resources":{"hostingSite":"truck-repair-33707"},"state":"ACTIVE","etag":"1_813f8489-7092-4307-a286-9f3f8bc84020"}
[info] i  Using project truck-repair-33707 (truck repair) 
[info] 
=== Hosting Setup
[info] 
[info] Your public directory is the folder (relative to your project directory) that
[info] will contain Hosting assets to be uploaded with firebase deploy. If you
[info] have a build process for your assets, use your build's output directory.
[info] 
